Command: /home/users/vmadan/cs217-project/hls/Top/GBPartition/GBModule/AttnPartialFused/./Catapult/AttnPartialFused.v1/scverify/concat_sim_AttnPartialFused_v_vcs/sc_mainpwr -systemcrun -verilogrun -ucli -ucli2Proc -i ./Catapult/AttnPartialFused.v1/scverify/concat_sim_AttnPartialFused_v_vcs/scverify_vcs_wave.tcl -l ./Catapult/AttnPartialFused.v1/scverify/concat_sim_AttnPartialFused_v_vcs/sim.log
Chronologic VCS simulator copyright 1991-2023
Contains Synopsys proprietary information.
Compiler version U-2023.03_Full64; Runtime version U-2023.03_Full64;  Mar  7 22:53 2026
Connections Clock: tb.clk Period: 1 ns
ucli% # Source static function file
ucli% global env
ucli% # Source the common TCL file (that also reads the wave database file)
ucli% source $env(MGC_HOME)/pkgs/sif/userware/En_na/flows/vcs_funcs.tcl
ucli% read_ccs_wave ./Catapult/AttnPartialFused.v1/scverify/ccs_wave_signals.dat
Reading SCVerify waveform database './Catapult/AttnPartialFused.v1/scverify/ccs_wave_signals.dat'
ucli% setup_vcd_file ./Catapult/AttnPartialFused.v1/.dut_inst_info.tcl
DUT Instance Path = sc_main.tb.dut.ccs_rtl.dut_inst
Preparing to write FSDB file ./default.fsdb...
ucli% populate_wave_window
ucli% if { ("0" != {}) && [file exists "0"] } {
   source "0"
}
ucli% # If not running in GUI mode, run the entire simulation
ucli% if { ![gui_is_active] } {
   do_simulation_run
}
Running up to VCD start time: '0 ns'
run 0 ns
sysc_skeleton.v, 438 : (*vcs_systemc_2,vcs_systemc_skel*) module sc_main;
Turning FSDB on
*Verdi* Loading libsscore_vcs202303.so
*Verdi* : Loading SystemC dumping library libsscore_vcs202303_sc233_gcc920.so.
*Verdi* : Env. FSDB_VCS_RD_SC_VALPTR_PROTECT=1(1) was set.
FSDB Dumper for VCS, Release Verdi_V-2023.12-SP2-4, Linux x86_64/64bit, 11/18/2024
(C) 1996 - 2024 by Synopsys, Inc.
*Verdi* : Create FSDB file './default.fsdb'
*Verdi* : Begin traversing the scopes, layer (0).
*Verdi* : End of traversing.
fsdbDumpvars 0 sc_main.tb.dut.ccs_rtl.dut_inst
*Verdi* : Begin traversing the scope (sc_main.tb.dut.ccs_rtl.dut_inst), layer (0).
*Verdi* : End of traversing.
*Verdi* : fsdbDumpon - All FSDB files at 0 ps.
Continuing to VCD end time: 'end'
run -all
@2 ns Asserting reset
@4 ns De-Asserting reset
20 ns AXI read response data = 0x100100010000302010001
20 ns Config readback matched
302 ns Write to mem3: ts=0 vec_idx=0 total_writes=0
569 ns Write to mem3: ts=1 vec_idx=0 total_writes=1
836 ns Write to mem3: ts=2 vec_idx=0 total_writes=2
1103 ns Write to mem3: ts=3 vec_idx=0 total_writes=3
1370 ns Write to mem3: ts=4 vec_idx=0 total_writes=4
1637 ns Write to mem3: ts=5 vec_idx=0 total_writes=5
1904 ns Write to mem3: ts=6 vec_idx=0 total_writes=6
2171 ns Write to mem3: ts=7 vec_idx=0 total_writes=7
2438 ns Write to mem3: ts=8 vec_idx=0 total_writes=8
2705 ns Write to mem3: ts=9 vec_idx=0 total_writes=9
2972 ns Write to mem3: ts=a vec_idx=0 total_writes=a
3239 ns Write to mem3: ts=b vec_idx=0 total_writes=b
3506 ns Write to mem3: ts=c vec_idx=0 total_writes=c
3773 ns Write to mem3: ts=d vec_idx=0 total_writes=d
4040 ns Write to mem3: ts=e vec_idx=0 total_writes=e
4307 ns Write to mem3: ts=f vec_idx=0 total_writes=f
4572 ns Write to mem3: ts=0 vec_idx=0 total_writes=10
4572 ns Checking output row 0
  Row 0 PASSED
4839 ns Write to mem3: ts=1 vec_idx=0 total_writes=11
4839 ns Checking output row 1
  Row 1 PASSED
5106 ns Write to mem3: ts=2 vec_idx=0 total_writes=12
5106 ns Checking output row 2
  Row 2 PASSED
5373 ns Write to mem3: ts=3 vec_idx=0 total_writes=13
5373 ns Checking output row 3
  Row 3 PASSED
5640 ns Write to mem3: ts=4 vec_idx=0 total_writes=14
5640 ns Checking output row 4
  Row 4 PASSED
5907 ns Write to mem3: ts=5 vec_idx=0 total_writes=15
5907 ns Checking output row 5
  Row 5 PASSED
6174 ns Write to mem3: ts=6 vec_idx=0 total_writes=16
6174 ns Checking output row 6
  Row 6 PASSED
6441 ns Write to mem3: ts=7 vec_idx=0 total_writes=17
6441 ns Checking output row 7
  Row 7 PASSED
6708 ns Write to mem3: ts=8 vec_idx=0 total_writes=18
6708 ns Checking output row 8
  Row 8 PASSED
6975 ns Write to mem3: ts=9 vec_idx=0 total_writes=19
6975 ns Checking output row 9
  Row 9 PASSED
7242 ns Write to mem3: ts=a vec_idx=0 total_writes=1a
7242 ns Checking output row a
  Row a PASSED
7509 ns Write to mem3: ts=b vec_idx=0 total_writes=1b
7509 ns Checking output row b
  Row b PASSED
7776 ns Write to mem3: ts=c vec_idx=0 total_writes=1c
7776 ns Checking output row c
  Row c PASSED
8043 ns Write to mem3: ts=d vec_idx=0 total_writes=1d
8043 ns Checking output row d
  Row d PASSED
8310 ns Write to mem3: ts=e vec_idx=0 total_writes=1e
8310 ns Checking output row e
  Row e PASSED
8577 ns Write to mem3: ts=f vec_idx=0 total_writes=1f
8577 ns Checking output row f
  Row f PASSED
8585 ns Attention DONE signal received!
Total output rows checked: 16
Total writes to mem3: 32
200042 ns AXI read response data = 0x200000022000000B21
200042 ns Performance counters: cycles=2849 gb_reads=544 gb_writes=32
@300004 ns sc_stop
TESTBENCH PASS
Simulation complete, time is 300004000 ps.
sysc_skeleton.v, 438 : (*vcs_systemc_2,vcs_systemc_skel*) module sc_main;
Turning FSDB off and flushing
*Verdi* : Close all FSDB Files at 300,004,000 ps.
Completed writing FSDB file ./default.fsdb...
           V C S   S i m u l a t i o n   R e p o r t 
Time: 300004000 ps
CPU Time:     78.470 seconds;       Data structure size:   8.3Mb
Sat Mar  7 22:54:54 2026
