Command: /home/users/vmadan/cs217-project/hls/Top/./Catapult/Top.v1/scverify/concat_sim_Top_v_vcs/sc_mainpwr -systemcrun -verilogrun -cm assert -ucli -ucli2Proc -i ./Catapult/Top.v1/scverify/concat_sim_Top_v_vcs/scverify_vcs_wave.tcl -l ./Catapult/Top.v1/scverify/concat_sim_Top_v_vcs/sim.log
Chronologic VCS simulator copyright 1991-2023
Contains Synopsys proprietary information.
Compiler version U-2023.03_Full64; Runtime version U-2023.03_Full64;  Mar  7 19:27 2026
Connections Clock: tb.clk Period: 1 ns
ucli% # Source static function file
ucli% global env
ucli% # Source the common TCL file (that also reads the wave database file)
ucli% source $env(MGC_HOME)/pkgs/sif/userware/En_na/flows/vcs_funcs.tcl
ucli% read_ccs_wave ./Catapult/Top.v1/scverify/ccs_wave_signals.dat
Reading SCVerify waveform database './Catapult/Top.v1/scverify/ccs_wave_signals.dat'
ucli% setup_vcd_file ./Catapult/Top.v1/.dut_inst_info.tcl
DUT Instance Path = sc_main.tb.dut.ccs_rtl.dut_inst
Preparing to write FSDB file ./default.fsdb...
ucli% populate_wave_window
ucli% if { ("0" != {}) && [file exists "0"] } {
   source "0"
}
ucli% # If not running in GUI mode, run the entire simulation
ucli% if { ![gui_is_active] } {
   do_simulation_run
}
Running up to VCD start time: '0 ns'
run 0 ns
sysc_skeleton.v, 391 : (*vcs_systemc_2,vcs_systemc_skel*) module sc_main;
Turning FSDB on
*Verdi* Loading libsscore_vcs202303.so
*Verdi* : Loading SystemC dumping library libsscore_vcs202303_sc233_gcc920.so.
*Verdi* : Env. FSDB_VCS_RD_SC_VALPTR_PROTECT=1(1) was set.
FSDB Dumper for VCS, Release Verdi_V-2023.12-SP2-4, Linux x86_64/64bit, 11/18/2024
(C) 1996 - 2024 by Synopsys, Inc.
*Verdi* : Create FSDB file './default.fsdb'
*Verdi* : Begin traversing the scopes, layer (0).
*Verdi* : End of traversing.
fsdbDumpvars 0 sc_main.tb.dut.ccs_rtl.dut_inst
*Verdi* : Begin traversing the scope (sc_main.tb.dut.ccs_rtl.dut_inst), layer (0).
*Verdi* : End of traversing.
*Verdi* : fsdbDumpon - All FSDB files at 0 ps.
Continuing to VCD end time: 'end'
run -all
@2 ns Asserting reset
@4 ns De-Asserting reset
279 ns - Interrupt signal issued!
280 ns - Interrupt signal issued!
281 ns - Interrupt signal issued!
282 ns - Interrupt signal issued!
283 ns - Interrupt signal issued!
284 ns - Interrupt signal issued!
285 ns - Interrupt signal issued!
286 ns - Interrupt signal issued!
287 ns - Interrupt signal issued!
288 ns - Interrupt signal issued!
304 ns - Interrupt signal issued!
305 ns - Interrupt signal issued!
306 ns - Interrupt signal issued!
307 ns - Interrupt signal issued!
308 ns - Interrupt signal issued!
309 ns - Interrupt signal issued!
310 ns - Interrupt signal issued!
311 ns - Interrupt signal issued!
312 ns - Interrupt signal issued!
313 ns - Interrupt signal issued!
386 ns Manager has finished issuing AXI Writes
TESTBENCH PASS
"concat_sim_Top.v", 14488: sc_main.tb.dut.ccs_rtl.dut_inst.PEPartition_1.pemodule_inst.act_inst.ActUnit_ActUnitRun_inst.ActUnit_ActUnitRun_mem_array_h_ln146_assert_bank_sel_lt_NumBanks_and_bankindexoutofbounds: Antecedent of the implication never satisfied.
"concat_sim_Top.v", 14494: sc_main.tb.dut.ccs_rtl.dut_inst.PEPartition_1.pemodule_inst.act_inst.ActUnit_ActUnitRun_inst.ActUnit_ActUnitRun_mem_array_h_ln147_assert_idx_lt_NumEntriesPerBank_and_localindexoutofbounds: Antecedent of the implication never satisfied.
"concat_sim_Top.v", 14499: sc_main.tb.dut.ccs_rtl.dut_inst.PEPartition_1.pemodule_inst.act_inst.ActUnit_ActUnitRun_inst.ActUnit_ActUnitRun_ArbitratedScratchpadDP_h_ln196_assert_bankread_req_validOS_bank_CS_eq_false_and_Bankreadandwritevalidcannotbetruesimultaneouslyforsingle_m_portRAM: Antecedent of the implication never satisfied.
"concat_sim_Top.v", 14505: sc_main.tb.dut.ccs_rtl.dut_inst.PEPartition_1.pemodule_inst.act_inst.ActUnit_ActUnitRun_inst.ActUnit_ActUnitRun_mem_array_h_ln126_assert_bank_sel_lt_NumBanks_and_bankindexoutofbounds: Antecedent of the implication never satisfied.
"concat_sim_Top.v", 14510: sc_main.tb.dut.ccs_rtl.dut_inst.PEPartition_1.pemodule_inst.act_inst.ActUnit_ActUnitRun_inst.ActUnit_ActUnitRun_mem_array_h_ln127_assert_idx_lt_NumEntriesPerBank_and_localindexoutofbounds: Antecedent of the implication never satisfied.
"concat_sim_Top.v", 108324: sc_main.tb.dut.ccs_rtl.dut_inst.PEPartition_1.pemodule_inst.pecore_inst.PECore_PECoreRun_inst.weight_mem_banks_load_store_for_1_PECore_PECoreRun_mem_array_h_ln126_assert_bank_sel_lt_NumBanks_and_bankindexoutofbounds: Antecedent of the implication never satisfied.
"concat_sim_Top.v", 108329: sc_main.tb.dut.ccs_rtl.dut_inst.PEPartition_1.pemodule_inst.pecore_inst.PECore_PECoreRun_inst.weight_mem_banks_load_store_for_1_PECore_PECoreRun_mem_array_h_ln127_assert_idx_lt_NumEntriesPerBank_and_localindexoutofbounds: Antecedent of the implication never satisfied.
"concat_sim_Top.v", 108351: sc_main.tb.dut.ccs_rtl.dut_inst.PEPartition_1.pemodule_inst.pecore_inst.PECore_PECoreRun_inst.weight_mem_banks_load_store_for_2_PECore_PECoreRun_mem_array_h_ln126_assert_bank_sel_lt_NumBanks_and_bankindexoutofbounds: Antecedent of the implication never satisfied.
"concat_sim_Top.v", 108356: sc_main.tb.dut.ccs_rtl.dut_inst.PEPartition_1.pemodule_inst.pecore_inst.PECore_PECoreRun_inst.weight_mem_banks_load_store_for_2_PECore_PECoreRun_mem_array_h_ln127_assert_idx_lt_NumEntriesPerBank_and_localindexoutofbounds: Antecedent of the implication never satisfied.
"concat_sim_Top.v", 108378: sc_main.tb.dut.ccs_rtl.dut_inst.PEPartition_1.pemodule_inst.pecore_inst.PECore_PECoreRun_inst.weight_mem_banks_load_store_for_3_PECore_PECoreRun_mem_array_h_ln126_assert_bank_sel_lt_NumBanks_and_bankindexoutofbounds: Antecedent of the implication never satisfied.
"concat_sim_Top.v", 108383: sc_main.tb.dut.ccs_rtl.dut_inst.PEPartition_1.pemodule_inst.pecore_inst.PECore_PECoreRun_inst.weight_mem_banks_load_store_for_3_PECore_PECoreRun_mem_array_h_ln127_assert_idx_lt_NumEntriesPerBank_and_localindexoutofbounds: Antecedent of the implication never satisfied.
"concat_sim_Top.v", 108405: sc_main.tb.dut.ccs_rtl.dut_inst.PEPartition_1.pemodule_inst.pecore_inst.PECore_PECoreRun_inst.weight_mem_banks_load_store_for_4_PECore_PECoreRun_mem_array_h_ln126_assert_bank_sel_lt_NumBanks_and_bankindexoutofbounds: Antecedent of the implication never satisfied.
"concat_sim_Top.v", 108410: sc_main.tb.dut.ccs_rtl.dut_inst.PEPartition_1.pemodule_inst.pecore_inst.PECore_PECoreRun_inst.weight_mem_banks_load_store_for_4_PECore_PECoreRun_mem_array_h_ln127_assert_idx_lt_NumEntriesPerBank_and_localindexoutofbounds: Antecedent of the implication never satisfied.
"concat_sim_Top.v", 108432: sc_main.tb.dut.ccs_rtl.dut_inst.PEPartition_1.pemodule_inst.pecore_inst.PECore_PECoreRun_inst.weight_mem_banks_load_store_for_5_PECore_PECoreRun_mem_array_h_ln126_assert_bank_sel_lt_NumBanks_and_bankindexoutofbounds: Antecedent of the implication never satisfied.
"concat_sim_Top.v", 108437: sc_main.tb.dut.ccs_rtl.dut_inst.PEPartition_1.pemodule_inst.pecore_inst.PECore_PECoreRun_inst.weight_mem_banks_load_store_for_5_PECore_PECoreRun_mem_array_h_ln127_assert_idx_lt_NumEntriesPerBank_and_localindexoutofbounds: Antecedent of the implication never satisfied.
"concat_sim_Top.v", 108459: sc_main.tb.dut.ccs_rtl.dut_inst.PEPartition_1.pemodule_inst.pecore_inst.PECore_PECoreRun_inst.weight_mem_banks_load_store_for_6_PECore_PECoreRun_mem_array_h_ln126_assert_bank_sel_lt_NumBanks_and_bankindexoutofbounds: Antecedent of the implication never satisfied.
"concat_sim_Top.v", 108464: sc_main.tb.dut.ccs_rtl.dut_inst.PEPartition_1.pemodule_inst.pecore_inst.PECore_PECoreRun_inst.weight_mem_banks_load_store_for_6_PECore_PECoreRun_mem_array_h_ln127_assert_idx_lt_NumEntriesPerBank_and_localindexoutofbounds: Antecedent of the implication never satisfied.
"concat_sim_Top.v", 108486: sc_main.tb.dut.ccs_rtl.dut_inst.PEPartition_1.pemodule_inst.pecore_inst.PECore_PECoreRun_inst.weight_mem_banks_load_store_for_7_PECore_PECoreRun_mem_array_h_ln126_assert_bank_sel_lt_NumBanks_and_bankindexoutofbounds: Antecedent of the implication never satisfied.
"concat_sim_Top.v", 108491: sc_main.tb.dut.ccs_rtl.dut_inst.PEPartition_1.pemodule_inst.pecore_inst.PECore_PECoreRun_inst.weight_mem_banks_load_store_for_7_PECore_PECoreRun_mem_array_h_ln127_assert_idx_lt_NumEntriesPerBank_and_localindexoutofbounds: Antecedent of the implication never satisfied.
"concat_sim_Top.v", 108513: sc_main.tb.dut.ccs_rtl.dut_inst.PEPartition_1.pemodule_inst.pecore_inst.PECore_PECoreRun_inst.weight_mem_banks_load_store_for_8_PECore_PECoreRun_mem_array_h_ln126_assert_bank_sel_lt_NumBanks_and_bankindexoutofbounds: Antecedent of the implication never satisfied.
"concat_sim_Top.v", 108518: sc_main.tb.dut.ccs_rtl.dut_inst.PEPartition_1.pemodule_inst.pecore_inst.PECore_PECoreRun_inst.weight_mem_banks_load_store_for_8_PECore_PECoreRun_mem_array_h_ln127_assert_idx_lt_NumEntriesPerBank_and_localindexoutofbounds: Antecedent of the implication never satisfied.
"concat_sim_Top.v", 108540: sc_main.tb.dut.ccs_rtl.dut_inst.PEPartition_1.pemodule_inst.pecore_inst.PECore_PECoreRun_inst.weight_mem_banks_load_store_for_9_PECore_PECoreRun_mem_array_h_ln126_assert_bank_sel_lt_NumBanks_and_bankindexoutofbounds: Antecedent of the implication never satisfied.
"concat_sim_Top.v", 108545: sc_main.tb.dut.ccs_rtl.dut_inst.PEPartition_1.pemodule_inst.pecore_inst.PECore_PECoreRun_inst.weight_mem_banks_load_store_for_9_PECore_PECoreRun_mem_array_h_ln127_assert_idx_lt_NumEntriesPerBank_and_localindexoutofbounds: Antecedent of the implication never satisfied.
"concat_sim_Top.v", 108567: sc_main.tb.dut.ccs_rtl.dut_inst.PEPartition_1.pemodule_inst.pecore_inst.PECore_PECoreRun_inst.weight_mem_banks_load_store_for_10_PECore_PECoreRun_mem_array_h_ln126_assert_bank_sel_lt_NumBanks_and_bankindexoutofbounds: Antecedent of the implication never satisfied.
"concat_sim_Top.v", 108572: sc_main.tb.dut.ccs_rtl.dut_inst.PEPartition_1.pemodule_inst.pecore_inst.PECore_PECoreRun_inst.weight_mem_banks_load_store_for_10_PECore_PECoreRun_mem_array_h_ln127_assert_idx_lt_NumEntriesPerBank_and_localindexoutofbounds: Antecedent of the implication never satisfied.
"concat_sim_Top.v", 108594: sc_main.tb.dut.ccs_rtl.dut_inst.PEPartition_1.pemodule_inst.pecore_inst.PECore_PECoreRun_inst.weight_mem_banks_load_store_for_11_PECore_PECoreRun_mem_array_h_ln126_assert_bank_sel_lt_NumBanks_and_bankindexoutofbounds: Antecedent of the implication never satisfied.
"concat_sim_Top.v", 108599: sc_main.tb.dut.ccs_rtl.dut_inst.PEPartition_1.pemodule_inst.pecore_inst.PECore_PECoreRun_inst.weight_mem_banks_load_store_for_11_PECore_PECoreRun_mem_array_h_ln127_assert_idx_lt_NumEntriesPerBank_and_localindexoutofbounds: Antecedent of the implication never satisfied.
"concat_sim_Top.v", 108621: sc_main.tb.dut.ccs_rtl.dut_inst.PEPartition_1.pemodule_inst.pecore_inst.PECore_PECoreRun_inst.weight_mem_banks_load_store_for_12_PECore_PECoreRun_mem_array_h_ln126_assert_bank_sel_lt_NumBanks_and_bankindexoutofbounds: Antecedent of the implication never satisfied.
"concat_sim_Top.v", 108626: sc_main.tb.dut.ccs_rtl.dut_inst.PEPartition_1.pemodule_inst.pecore_inst.PECore_PECoreRun_inst.weight_mem_banks_load_store_for_12_PECore_PECoreRun_mem_array_h_ln127_assert_idx_lt_NumEntriesPerBank_and_localindexoutofbounds: Antecedent of the implication never satisfied.
"concat_sim_Top.v", 108648: sc_main.tb.dut.ccs_rtl.dut_inst.PEPartition_1.pemodule_inst.pecore_inst.PECore_PECoreRun_inst.weight_mem_banks_load_store_for_13_PECore_PECoreRun_mem_array_h_ln126_assert_bank_sel_lt_NumBanks_and_bankindexoutofbounds: Antecedent of the implication never satisfied.
"concat_sim_Top.v", 108653: sc_main.tb.dut.ccs_rtl.dut_inst.PEPartition_1.pemodule_inst.pecore_inst.PECore_PECoreRun_inst.weight_mem_banks_load_store_for_13_PECore_PECoreRun_mem_array_h_ln127_assert_idx_lt_NumEntriesPerBank_and_localindexoutofbounds: Antecedent of the implication never satisfied.
"concat_sim_Top.v", 108675: sc_main.tb.dut.ccs_rtl.dut_inst.PEPartition_1.pemodule_inst.pecore_inst.PECore_PECoreRun_inst.weight_mem_banks_load_store_for_14_PECore_PECoreRun_mem_array_h_ln126_assert_bank_sel_lt_NumBanks_and_bankindexoutofbounds: Antecedent of the implication never satisfied.
"concat_sim_Top.v", 108680: sc_main.tb.dut.ccs_rtl.dut_inst.PEPartition_1.pemodule_inst.pecore_inst.PECore_PECoreRun_inst.weight_mem_banks_load_store_for_14_PECore_PECoreRun_mem_array_h_ln127_assert_idx_lt_NumEntriesPerBank_and_localindexoutofbounds: Antecedent of the implication never satisfied.
"concat_sim_Top.v", 108702: sc_main.tb.dut.ccs_rtl.dut_inst.PEPartition_1.pemodule_inst.pecore_inst.PECore_PECoreRun_inst.weight_mem_banks_load_store_for_15_PECore_PECoreRun_mem_array_h_ln126_assert_bank_sel_lt_NumBanks_and_bankindexoutofbounds: Antecedent of the implication never satisfied.
"concat_sim_Top.v", 108707: sc_main.tb.dut.ccs_rtl.dut_inst.PEPartition_1.pemodule_inst.pecore_inst.PECore_PECoreRun_inst.weight_mem_banks_load_store_for_15_PECore_PECoreRun_mem_array_h_ln127_assert_idx_lt_NumEntriesPerBank_and_localindexoutofbounds: Antecedent of the implication never satisfied.
"concat_sim_Top.v", 108729: sc_main.tb.dut.ccs_rtl.dut_inst.PEPartition_1.pemodule_inst.pecore_inst.PECore_PECoreRun_inst.weight_mem_banks_load_store_for_16_PECore_PECoreRun_mem_array_h_ln126_assert_bank_sel_lt_NumBanks_and_bankindexoutofbounds: Antecedent of the implication never satisfied.
"concat_sim_Top.v", 108734: sc_main.tb.dut.ccs_rtl.dut_inst.PEPartition_1.pemodule_inst.pecore_inst.PECore_PECoreRun_inst.weight_mem_banks_load_store_for_16_PECore_PECoreRun_mem_array_h_ln127_assert_idx_lt_NumEntriesPerBank_and_localindexoutofbounds: Antecedent of the implication never satisfied.
"concat_sim_Top.v", 108766: sc_main.tb.dut.ccs_rtl.dut_inst.PEPartition_1.pemodule_inst.pecore_inst.PECore_PECoreRun_inst.PECore_PECoreRun_mem_array_h_ln146_assert_bank_sel_lt_NumBanks_and_bankindexoutofbounds_1: Antecedent of the implication never satisfied.
"concat_sim_Top.v", 108772: sc_main.tb.dut.ccs_rtl.dut_inst.PEPartition_1.pemodule_inst.pecore_inst.PECore_PECoreRun_inst.PECore_PECoreRun_mem_array_h_ln147_assert_idx_lt_NumEntriesPerBank_and_localindexoutofbounds_1: Antecedent of the implication never satisfied.
"concat_sim_Top.v", 108777: sc_main.tb.dut.ccs_rtl.dut_inst.PEPartition_1.pemodule_inst.pecore_inst.PECore_PECoreRun_inst.PECore_PECoreRun_ArbitratedScratchpadDP_h_ln196_assert_bankread_req_validOS_bank_CS_eq_false_and_Bankreadandwritevalidcannotbetruesimultaneouslyforsingle_m_portRAM_1: Antecedent of the implication never satisfied.
"concat_sim_Top.v", 202743: sc_main.tb.dut.ccs_rtl.dut_inst.gb_inst.gbmodule_inst.gbcore_inst.GBCore_GBCoreRun_inst.large_mem_banks_load_store_for_3_GBCore_GBCoreRun_mem_array_h_ln146_assert_bank_sel_lt_NumBanks_and_bankindexoutofbounds: Antecedent of the implication never satisfied.
"concat_sim_Top.v", 202749: sc_main.tb.dut.ccs_rtl.dut_inst.gb_inst.gbmodule_inst.gbcore_inst.GBCore_GBCoreRun_inst.large_mem_banks_load_store_for_3_GBCore_GBCoreRun_mem_array_h_ln147_assert_idx_lt_NumEntriesPerBank_and_localindexoutofbounds: Antecedent of the implication never satisfied.
"concat_sim_Top.v", 202754: sc_main.tb.dut.ccs_rtl.dut_inst.gb_inst.gbmodule_inst.gbcore_inst.GBCore_GBCoreRun_inst.large_mem_banks_load_store_for_3_GBCore_GBCoreRun_ArbitratedScratchpadDP_h_ln196_assert_bankread_req_validOS_bank_CS_eq_false_and_Bankreadandwritevalidcannotbetruesimultaneouslyforsingle_m_portRAM: Antecedent of the implication never satisfied.
"concat_sim_Top.v", 202760: sc_main.tb.dut.ccs_rtl.dut_inst.gb_inst.gbmodule_inst.gbcore_inst.GBCore_GBCoreRun_inst.large_mem_banks_load_store_for_3_GBCore_GBCoreRun_mem_array_h_ln126_assert_bank_sel_lt_NumBanks_and_bankindexoutofbounds: Antecedent of the implication never satisfied.
"concat_sim_Top.v", 202765: sc_main.tb.dut.ccs_rtl.dut_inst.gb_inst.gbmodule_inst.gbcore_inst.GBCore_GBCoreRun_inst.large_mem_banks_load_store_for_3_GBCore_GBCoreRun_mem_array_h_ln127_assert_idx_lt_NumEntriesPerBank_and_localindexoutofbounds: Antecedent of the implication never satisfied.
"concat_sim_Top.v", 202770: sc_main.tb.dut.ccs_rtl.dut_inst.gb_inst.gbmodule_inst.gbcore_inst.GBCore_GBCoreRun_inst.large_mem_banks_load_store_for_4_GBCore_GBCoreRun_mem_array_h_ln146_assert_bank_sel_lt_NumBanks_and_bankindexoutofbounds: Antecedent of the implication never satisfied.
"concat_sim_Top.v", 202776: sc_main.tb.dut.ccs_rtl.dut_inst.gb_inst.gbmodule_inst.gbcore_inst.GBCore_GBCoreRun_inst.large_mem_banks_load_store_for_4_GBCore_GBCoreRun_mem_array_h_ln147_assert_idx_lt_NumEntriesPerBank_and_localindexoutofbounds: Antecedent of the implication never satisfied.
"concat_sim_Top.v", 202781: sc_main.tb.dut.ccs_rtl.dut_inst.gb_inst.gbmodule_inst.gbcore_inst.GBCore_GBCoreRun_inst.large_mem_banks_load_store_for_4_GBCore_GBCoreRun_ArbitratedScratchpadDP_h_ln196_assert_bankread_req_validOS_bank_CS_eq_false_and_Bankreadandwritevalidcannotbetruesimultaneouslyforsingle_m_portRAM: Antecedent of the implication never satisfied.
"concat_sim_Top.v", 202787: sc_main.tb.dut.ccs_rtl.dut_inst.gb_inst.gbmodule_inst.gbcore_inst.GBCore_GBCoreRun_inst.large_mem_banks_load_store_for_4_GBCore_GBCoreRun_mem_array_h_ln126_assert_bank_sel_lt_NumBanks_and_bankindexoutofbounds: Antecedent of the implication never satisfied.
"concat_sim_Top.v", 202792: sc_main.tb.dut.ccs_rtl.dut_inst.gb_inst.gbmodule_inst.gbcore_inst.GBCore_GBCoreRun_inst.large_mem_banks_load_store_for_4_GBCore_GBCoreRun_mem_array_h_ln127_assert_idx_lt_NumEntriesPerBank_and_localindexoutofbounds: Antecedent of the implication never satisfied.
"concat_sim_Top.v", 202797: sc_main.tb.dut.ccs_rtl.dut_inst.gb_inst.gbmodule_inst.gbcore_inst.GBCore_GBCoreRun_inst.large_mem_banks_load_store_for_5_GBCore_GBCoreRun_mem_array_h_ln146_assert_bank_sel_lt_NumBanks_and_bankindexoutofbounds: Antecedent of the implication never satisfied.
"concat_sim_Top.v", 202803: sc_main.tb.dut.ccs_rtl.dut_inst.gb_inst.gbmodule_inst.gbcore_inst.GBCore_GBCoreRun_inst.large_mem_banks_load_store_for_5_GBCore_GBCoreRun_mem_array_h_ln147_assert_idx_lt_NumEntriesPerBank_and_localindexoutofbounds: Antecedent of the implication never satisfied.
"concat_sim_Top.v", 202808: sc_main.tb.dut.ccs_rtl.dut_inst.gb_inst.gbmodule_inst.gbcore_inst.GBCore_GBCoreRun_inst.large_mem_banks_load_store_for_5_GBCore_GBCoreRun_ArbitratedScratchpadDP_h_ln196_assert_bankread_req_validOS_bank_CS_eq_false_and_Bankreadandwritevalidcannotbetruesimultaneouslyforsingle_m_portRAM: Antecedent of the implication never satisfied.
"concat_sim_Top.v", 202814: sc_main.tb.dut.ccs_rtl.dut_inst.gb_inst.gbmodule_inst.gbcore_inst.GBCore_GBCoreRun_inst.large_mem_banks_load_store_for_5_GBCore_GBCoreRun_mem_array_h_ln126_assert_bank_sel_lt_NumBanks_and_bankindexoutofbounds: Antecedent of the implication never satisfied.
"concat_sim_Top.v", 202819: sc_main.tb.dut.ccs_rtl.dut_inst.gb_inst.gbmodule_inst.gbcore_inst.GBCore_GBCoreRun_inst.large_mem_banks_load_store_for_5_GBCore_GBCoreRun_mem_array_h_ln127_assert_idx_lt_NumEntriesPerBank_and_localindexoutofbounds: Antecedent of the implication never satisfied.
"concat_sim_Top.v", 202824: sc_main.tb.dut.ccs_rtl.dut_inst.gb_inst.gbmodule_inst.gbcore_inst.GBCore_GBCoreRun_inst.large_mem_banks_load_store_for_6_GBCore_GBCoreRun_mem_array_h_ln146_assert_bank_sel_lt_NumBanks_and_bankindexoutofbounds: Antecedent of the implication never satisfied.
"concat_sim_Top.v", 202830: sc_main.tb.dut.ccs_rtl.dut_inst.gb_inst.gbmodule_inst.gbcore_inst.GBCore_GBCoreRun_inst.large_mem_banks_load_store_for_6_GBCore_GBCoreRun_mem_array_h_ln147_assert_idx_lt_NumEntriesPerBank_and_localindexoutofbounds: Antecedent of the implication never satisfied.
"concat_sim_Top.v", 202835: sc_main.tb.dut.ccs_rtl.dut_inst.gb_inst.gbmodule_inst.gbcore_inst.GBCore_GBCoreRun_inst.large_mem_banks_load_store_for_6_GBCore_GBCoreRun_ArbitratedScratchpadDP_h_ln196_assert_bankread_req_validOS_bank_CS_eq_false_and_Bankreadandwritevalidcannotbetruesimultaneouslyforsingle_m_portRAM: Antecedent of the implication never satisfied.
"concat_sim_Top.v", 202841: sc_main.tb.dut.ccs_rtl.dut_inst.gb_inst.gbmodule_inst.gbcore_inst.GBCore_GBCoreRun_inst.large_mem_banks_load_store_for_6_GBCore_GBCoreRun_mem_array_h_ln126_assert_bank_sel_lt_NumBanks_and_bankindexoutofbounds: Antecedent of the implication never satisfied.
"concat_sim_Top.v", 202846: sc_main.tb.dut.ccs_rtl.dut_inst.gb_inst.gbmodule_inst.gbcore_inst.GBCore_GBCoreRun_inst.large_mem_banks_load_store_for_6_GBCore_GBCoreRun_mem_array_h_ln127_assert_idx_lt_NumEntriesPerBank_and_localindexoutofbounds: Antecedent of the implication never satisfied.
"concat_sim_Top.v", 202851: sc_main.tb.dut.ccs_rtl.dut_inst.gb_inst.gbmodule_inst.gbcore_inst.GBCore_GBCoreRun_inst.large_mem_banks_load_store_for_7_GBCore_GBCoreRun_mem_array_h_ln146_assert_bank_sel_lt_NumBanks_and_bankindexoutofbounds: Antecedent of the implication never satisfied.
"concat_sim_Top.v", 202857: sc_main.tb.dut.ccs_rtl.dut_inst.gb_inst.gbmodule_inst.gbcore_inst.GBCore_GBCoreRun_inst.large_mem_banks_load_store_for_7_GBCore_GBCoreRun_mem_array_h_ln147_assert_idx_lt_NumEntriesPerBank_and_localindexoutofbounds: Antecedent of the implication never satisfied.
"concat_sim_Top.v", 202862: sc_main.tb.dut.ccs_rtl.dut_inst.gb_inst.gbmodule_inst.gbcore_inst.GBCore_GBCoreRun_inst.large_mem_banks_load_store_for_7_GBCore_GBCoreRun_ArbitratedScratchpadDP_h_ln196_assert_bankread_req_validOS_bank_CS_eq_false_and_Bankreadandwritevalidcannotbetruesimultaneouslyforsingle_m_portRAM: Antecedent of the implication never satisfied.
"concat_sim_Top.v", 202868: sc_main.tb.dut.ccs_rtl.dut_inst.gb_inst.gbmodule_inst.gbcore_inst.GBCore_GBCoreRun_inst.large_mem_banks_load_store_for_7_GBCore_GBCoreRun_mem_array_h_ln126_assert_bank_sel_lt_NumBanks_and_bankindexoutofbounds: Antecedent of the implication never satisfied.
"concat_sim_Top.v", 202873: sc_main.tb.dut.ccs_rtl.dut_inst.gb_inst.gbmodule_inst.gbcore_inst.GBCore_GBCoreRun_inst.large_mem_banks_load_store_for_7_GBCore_GBCoreRun_mem_array_h_ln127_assert_idx_lt_NumEntriesPerBank_and_localindexoutofbounds: Antecedent of the implication never satisfied.
"concat_sim_Top.v", 202878: sc_main.tb.dut.ccs_rtl.dut_inst.gb_inst.gbmodule_inst.gbcore_inst.GBCore_GBCoreRun_inst.large_mem_banks_load_store_for_8_GBCore_GBCoreRun_mem_array_h_ln146_assert_bank_sel_lt_NumBanks_and_bankindexoutofbounds: Antecedent of the implication never satisfied.
"concat_sim_Top.v", 202884: sc_main.tb.dut.ccs_rtl.dut_inst.gb_inst.gbmodule_inst.gbcore_inst.GBCore_GBCoreRun_inst.large_mem_banks_load_store_for_8_GBCore_GBCoreRun_mem_array_h_ln147_assert_idx_lt_NumEntriesPerBank_and_localindexoutofbounds: Antecedent of the implication never satisfied.
"concat_sim_Top.v", 202889: sc_main.tb.dut.ccs_rtl.dut_inst.gb_inst.gbmodule_inst.gbcore_inst.GBCore_GBCoreRun_inst.large_mem_banks_load_store_for_8_GBCore_GBCoreRun_ArbitratedScratchpadDP_h_ln196_assert_bankread_req_validOS_bank_CS_eq_false_and_Bankreadandwritevalidcannotbetruesimultaneouslyforsingle_m_portRAM: Antecedent of the implication never satisfied.
"concat_sim_Top.v", 202895: sc_main.tb.dut.ccs_rtl.dut_inst.gb_inst.gbmodule_inst.gbcore_inst.GBCore_GBCoreRun_inst.large_mem_banks_load_store_for_8_GBCore_GBCoreRun_mem_array_h_ln126_assert_bank_sel_lt_NumBanks_and_bankindexoutofbounds: Antecedent of the implication never satisfied.
"concat_sim_Top.v", 202900: sc_main.tb.dut.ccs_rtl.dut_inst.gb_inst.gbmodule_inst.gbcore_inst.GBCore_GBCoreRun_inst.large_mem_banks_load_store_for_8_GBCore_GBCoreRun_mem_array_h_ln127_assert_idx_lt_NumEntriesPerBank_and_localindexoutofbounds: Antecedent of the implication never satisfied.
"concat_sim_Top.v", 202905: sc_main.tb.dut.ccs_rtl.dut_inst.gb_inst.gbmodule_inst.gbcore_inst.GBCore_GBCoreRun_inst.large_mem_banks_load_store_for_9_GBCore_GBCoreRun_mem_array_h_ln146_assert_bank_sel_lt_NumBanks_and_bankindexoutofbounds: Antecedent of the implication never satisfied.
"concat_sim_Top.v", 202911: sc_main.tb.dut.ccs_rtl.dut_inst.gb_inst.gbmodule_inst.gbcore_inst.GBCore_GBCoreRun_inst.large_mem_banks_load_store_for_9_GBCore_GBCoreRun_mem_array_h_ln147_assert_idx_lt_NumEntriesPerBank_and_localindexoutofbounds: Antecedent of the implication never satisfied.
"concat_sim_Top.v", 202916: sc_main.tb.dut.ccs_rtl.dut_inst.gb_inst.gbmodule_inst.gbcore_inst.GBCore_GBCoreRun_inst.large_mem_banks_load_store_for_9_GBCore_GBCoreRun_ArbitratedScratchpadDP_h_ln196_assert_bankread_req_validOS_bank_CS_eq_false_and_Bankreadandwritevalidcannotbetruesimultaneouslyforsingle_m_portRAM: Antecedent of the implication never satisfied.
"concat_sim_Top.v", 202922: sc_main.tb.dut.ccs_rtl.dut_inst.gb_inst.gbmodule_inst.gbcore_inst.GBCore_GBCoreRun_inst.large_mem_banks_load_store_for_9_GBCore_GBCoreRun_mem_array_h_ln126_assert_bank_sel_lt_NumBanks_and_bankindexoutofbounds: Antecedent of the implication never satisfied.
"concat_sim_Top.v", 202927: sc_main.tb.dut.ccs_rtl.dut_inst.gb_inst.gbmodule_inst.gbcore_inst.GBCore_GBCoreRun_inst.large_mem_banks_load_store_for_9_GBCore_GBCoreRun_mem_array_h_ln127_assert_idx_lt_NumEntriesPerBank_and_localindexoutofbounds: Antecedent of the implication never satisfied.
"concat_sim_Top.v", 202932: sc_main.tb.dut.ccs_rtl.dut_inst.gb_inst.gbmodule_inst.gbcore_inst.GBCore_GBCoreRun_inst.large_mem_banks_load_store_for_10_GBCore_GBCoreRun_mem_array_h_ln146_assert_bank_sel_lt_NumBanks_and_bankindexoutofbounds: Antecedent of the implication never satisfied.
"concat_sim_Top.v", 202938: sc_main.tb.dut.ccs_rtl.dut_inst.gb_inst.gbmodule_inst.gbcore_inst.GBCore_GBCoreRun_inst.large_mem_banks_load_store_for_10_GBCore_GBCoreRun_mem_array_h_ln147_assert_idx_lt_NumEntriesPerBank_and_localindexoutofbounds: Antecedent of the implication never satisfied.
"concat_sim_Top.v", 202943: sc_main.tb.dut.ccs_rtl.dut_inst.gb_inst.gbmodule_inst.gbcore_inst.GBCore_GBCoreRun_inst.large_mem_banks_load_store_for_10_GBCore_GBCoreRun_ArbitratedScratchpadDP_h_ln196_assert_bankread_req_validOS_bank_CS_eq_false_and_Bankreadandwritevalidcannotbetruesimultaneouslyforsingle_m_portRAM: Antecedent of the implication never satisfied.
"concat_sim_Top.v", 202949: sc_main.tb.dut.ccs_rtl.dut_inst.gb_inst.gbmodule_inst.gbcore_inst.GBCore_GBCoreRun_inst.large_mem_banks_load_store_for_10_GBCore_GBCoreRun_mem_array_h_ln126_assert_bank_sel_lt_NumBanks_and_bankindexoutofbounds: Antecedent of the implication never satisfied.
"concat_sim_Top.v", 202954: sc_main.tb.dut.ccs_rtl.dut_inst.gb_inst.gbmodule_inst.gbcore_inst.GBCore_GBCoreRun_inst.large_mem_banks_load_store_for_10_GBCore_GBCoreRun_mem_array_h_ln127_assert_idx_lt_NumEntriesPerBank_and_localindexoutofbounds: Antecedent of the implication never satisfied.
"concat_sim_Top.v", 202959: sc_main.tb.dut.ccs_rtl.dut_inst.gb_inst.gbmodule_inst.gbcore_inst.GBCore_GBCoreRun_inst.large_mem_banks_load_store_for_11_GBCore_GBCoreRun_mem_array_h_ln146_assert_bank_sel_lt_NumBanks_and_bankindexoutofbounds: Antecedent of the implication never satisfied.
"concat_sim_Top.v", 202965: sc_main.tb.dut.ccs_rtl.dut_inst.gb_inst.gbmodule_inst.gbcore_inst.GBCore_GBCoreRun_inst.large_mem_banks_load_store_for_11_GBCore_GBCoreRun_mem_array_h_ln147_assert_idx_lt_NumEntriesPerBank_and_localindexoutofbounds: Antecedent of the implication never satisfied.
"concat_sim_Top.v", 202970: sc_main.tb.dut.ccs_rtl.dut_inst.gb_inst.gbmodule_inst.gbcore_inst.GBCore_GBCoreRun_inst.large_mem_banks_load_store_for_11_GBCore_GBCoreRun_ArbitratedScratchpadDP_h_ln196_assert_bankread_req_validOS_bank_CS_eq_false_and_Bankreadandwritevalidcannotbetruesimultaneouslyforsingle_m_portRAM: Antecedent of the implication never satisfied.
"concat_sim_Top.v", 202976: sc_main.tb.dut.ccs_rtl.dut_inst.gb_inst.gbmodule_inst.gbcore_inst.GBCore_GBCoreRun_inst.large_mem_banks_load_store_for_11_GBCore_GBCoreRun_mem_array_h_ln126_assert_bank_sel_lt_NumBanks_and_bankindexoutofbounds: Antecedent of the implication never satisfied.
"concat_sim_Top.v", 202981: sc_main.tb.dut.ccs_rtl.dut_inst.gb_inst.gbmodule_inst.gbcore_inst.GBCore_GBCoreRun_inst.large_mem_banks_load_store_for_11_GBCore_GBCoreRun_mem_array_h_ln127_assert_idx_lt_NumEntriesPerBank_and_localindexoutofbounds: Antecedent of the implication never satisfied.
"concat_sim_Top.v", 202986: sc_main.tb.dut.ccs_rtl.dut_inst.gb_inst.gbmodule_inst.gbcore_inst.GBCore_GBCoreRun_inst.large_mem_banks_load_store_for_12_GBCore_GBCoreRun_mem_array_h_ln146_assert_bank_sel_lt_NumBanks_and_bankindexoutofbounds: Antecedent of the implication never satisfied.
"concat_sim_Top.v", 202992: sc_main.tb.dut.ccs_rtl.dut_inst.gb_inst.gbmodule_inst.gbcore_inst.GBCore_GBCoreRun_inst.large_mem_banks_load_store_for_12_GBCore_GBCoreRun_mem_array_h_ln147_assert_idx_lt_NumEntriesPerBank_and_localindexoutofbounds: Antecedent of the implication never satisfied.
"concat_sim_Top.v", 202997: sc_main.tb.dut.ccs_rtl.dut_inst.gb_inst.gbmodule_inst.gbcore_inst.GBCore_GBCoreRun_inst.large_mem_banks_load_store_for_12_GBCore_GBCoreRun_ArbitratedScratchpadDP_h_ln196_assert_bankread_req_validOS_bank_CS_eq_false_and_Bankreadandwritevalidcannotbetruesimultaneouslyforsingle_m_portRAM: Antecedent of the implication never satisfied.
"concat_sim_Top.v", 203003: sc_main.tb.dut.ccs_rtl.dut_inst.gb_inst.gbmodule_inst.gbcore_inst.GBCore_GBCoreRun_inst.large_mem_banks_load_store_for_12_GBCore_GBCoreRun_mem_array_h_ln126_assert_bank_sel_lt_NumBanks_and_bankindexoutofbounds: Antecedent of the implication never satisfied.
"concat_sim_Top.v", 203008: sc_main.tb.dut.ccs_rtl.dut_inst.gb_inst.gbmodule_inst.gbcore_inst.GBCore_GBCoreRun_inst.large_mem_banks_load_store_for_12_GBCore_GBCoreRun_mem_array_h_ln127_assert_idx_lt_NumEntriesPerBank_and_localindexoutofbounds: Antecedent of the implication never satisfied.
"concat_sim_Top.v", 203013: sc_main.tb.dut.ccs_rtl.dut_inst.gb_inst.gbmodule_inst.gbcore_inst.GBCore_GBCoreRun_inst.large_mem_banks_load_store_for_13_GBCore_GBCoreRun_mem_array_h_ln146_assert_bank_sel_lt_NumBanks_and_bankindexoutofbounds: Antecedent of the implication never satisfied.
"concat_sim_Top.v", 203019: sc_main.tb.dut.ccs_rtl.dut_inst.gb_inst.gbmodule_inst.gbcore_inst.GBCore_GBCoreRun_inst.large_mem_banks_load_store_for_13_GBCore_GBCoreRun_mem_array_h_ln147_assert_idx_lt_NumEntriesPerBank_and_localindexoutofbounds: Antecedent of the implication never satisfied.
"concat_sim_Top.v", 203024: sc_main.tb.dut.ccs_rtl.dut_inst.gb_inst.gbmodule_inst.gbcore_inst.GBCore_GBCoreRun_inst.large_mem_banks_load_store_for_13_GBCore_GBCoreRun_ArbitratedScratchpadDP_h_ln196_assert_bankread_req_validOS_bank_CS_eq_false_and_Bankreadandwritevalidcannotbetruesimultaneouslyforsingle_m_portRAM: Antecedent of the implication never satisfied.
"concat_sim_Top.v", 203030: sc_main.tb.dut.ccs_rtl.dut_inst.gb_inst.gbmodule_inst.gbcore_inst.GBCore_GBCoreRun_inst.large_mem_banks_load_store_for_13_GBCore_GBCoreRun_mem_array_h_ln126_assert_bank_sel_lt_NumBanks_and_bankindexoutofbounds: Antecedent of the implication never satisfied.
"concat_sim_Top.v", 203035: sc_main.tb.dut.ccs_rtl.dut_inst.gb_inst.gbmodule_inst.gbcore_inst.GBCore_GBCoreRun_inst.large_mem_banks_load_store_for_13_GBCore_GBCoreRun_mem_array_h_ln127_assert_idx_lt_NumEntriesPerBank_and_localindexoutofbounds: Antecedent of the implication never satisfied.
"concat_sim_Top.v", 203040: sc_main.tb.dut.ccs_rtl.dut_inst.gb_inst.gbmodule_inst.gbcore_inst.GBCore_GBCoreRun_inst.large_mem_banks_load_store_for_14_GBCore_GBCoreRun_mem_array_h_ln146_assert_bank_sel_lt_NumBanks_and_bankindexoutofbounds: Antecedent of the implication never satisfied.
"concat_sim_Top.v", 203046: sc_main.tb.dut.ccs_rtl.dut_inst.gb_inst.gbmodule_inst.gbcore_inst.GBCore_GBCoreRun_inst.large_mem_banks_load_store_for_14_GBCore_GBCoreRun_mem_array_h_ln147_assert_idx_lt_NumEntriesPerBank_and_localindexoutofbounds: Antecedent of the implication never satisfied.
"concat_sim_Top.v", 203051: sc_main.tb.dut.ccs_rtl.dut_inst.gb_inst.gbmodule_inst.gbcore_inst.GBCore_GBCoreRun_inst.large_mem_banks_load_store_for_14_GBCore_GBCoreRun_ArbitratedScratchpadDP_h_ln196_assert_bankread_req_validOS_bank_CS_eq_false_and_Bankreadandwritevalidcannotbetruesimultaneouslyforsingle_m_portRAM: Antecedent of the implication never satisfied.
"concat_sim_Top.v", 203057: sc_main.tb.dut.ccs_rtl.dut_inst.gb_inst.gbmodule_inst.gbcore_inst.GBCore_GBCoreRun_inst.large_mem_banks_load_store_for_14_GBCore_GBCoreRun_mem_array_h_ln126_assert_bank_sel_lt_NumBanks_and_bankindexoutofbounds: Antecedent of the implication never satisfied.
"concat_sim_Top.v", 203062: sc_main.tb.dut.ccs_rtl.dut_inst.gb_inst.gbmodule_inst.gbcore_inst.GBCore_GBCoreRun_inst.large_mem_banks_load_store_for_14_GBCore_GBCoreRun_mem_array_h_ln127_assert_idx_lt_NumEntriesPerBank_and_localindexoutofbounds: Antecedent of the implication never satisfied.
"concat_sim_Top.v", 203067: sc_main.tb.dut.ccs_rtl.dut_inst.gb_inst.gbmodule_inst.gbcore_inst.GBCore_GBCoreRun_inst.large_mem_banks_load_store_for_15_GBCore_GBCoreRun_mem_array_h_ln146_assert_bank_sel_lt_NumBanks_and_bankindexoutofbounds: Antecedent of the implication never satisfied.
"concat_sim_Top.v", 203073: sc_main.tb.dut.ccs_rtl.dut_inst.gb_inst.gbmodule_inst.gbcore_inst.GBCore_GBCoreRun_inst.large_mem_banks_load_store_for_15_GBCore_GBCoreRun_mem_array_h_ln147_assert_idx_lt_NumEntriesPerBank_and_localindexoutofbounds: Antecedent of the implication never satisfied.
"concat_sim_Top.v", 203078: sc_main.tb.dut.ccs_rtl.dut_inst.gb_inst.gbmodule_inst.gbcore_inst.GBCore_GBCoreRun_inst.large_mem_banks_load_store_for_15_GBCore_GBCoreRun_ArbitratedScratchpadDP_h_ln196_assert_bankread_req_validOS_bank_CS_eq_false_and_Bankreadandwritevalidcannotbetruesimultaneouslyforsingle_m_portRAM: Antecedent of the implication never satisfied.
"concat_sim_Top.v", 203084: sc_main.tb.dut.ccs_rtl.dut_inst.gb_inst.gbmodule_inst.gbcore_inst.GBCore_GBCoreRun_inst.large_mem_banks_load_store_for_15_GBCore_GBCoreRun_mem_array_h_ln126_assert_bank_sel_lt_NumBanks_and_bankindexoutofbounds: Antecedent of the implication never satisfied.
"concat_sim_Top.v", 203089: sc_main.tb.dut.ccs_rtl.dut_inst.gb_inst.gbmodule_inst.gbcore_inst.GBCore_GBCoreRun_inst.large_mem_banks_load_store_for_15_GBCore_GBCoreRun_mem_array_h_ln127_assert_idx_lt_NumEntriesPerBank_and_localindexoutofbounds: Antecedent of the implication never satisfied.
"concat_sim_Top.v", 203094: sc_main.tb.dut.ccs_rtl.dut_inst.gb_inst.gbmodule_inst.gbcore_inst.GBCore_GBCoreRun_inst.large_mem_banks_load_store_for_16_GBCore_GBCoreRun_mem_array_h_ln146_assert_bank_sel_lt_NumBanks_and_bankindexoutofbounds: Antecedent of the implication never satisfied.
"concat_sim_Top.v", 203100: sc_main.tb.dut.ccs_rtl.dut_inst.gb_inst.gbmodule_inst.gbcore_inst.GBCore_GBCoreRun_inst.large_mem_banks_load_store_for_16_GBCore_GBCoreRun_mem_array_h_ln147_assert_idx_lt_NumEntriesPerBank_and_localindexoutofbounds: Antecedent of the implication never satisfied.
"concat_sim_Top.v", 203105: sc_main.tb.dut.ccs_rtl.dut_inst.gb_inst.gbmodule_inst.gbcore_inst.GBCore_GBCoreRun_inst.large_mem_banks_load_store_for_16_GBCore_GBCoreRun_ArbitratedScratchpadDP_h_ln196_assert_bankread_req_validOS_bank_CS_eq_false_and_Bankreadandwritevalidcannotbetruesimultaneouslyforsingle_m_portRAM: Antecedent of the implication never satisfied.
"concat_sim_Top.v", 203111: sc_main.tb.dut.ccs_rtl.dut_inst.gb_inst.gbmodule_inst.gbcore_inst.GBCore_GBCoreRun_inst.large_mem_banks_load_store_for_16_GBCore_GBCoreRun_mem_array_h_ln126_assert_bank_sel_lt_NumBanks_and_bankindexoutofbounds: Antecedent of the implication never satisfied.
"concat_sim_Top.v", 203116: sc_main.tb.dut.ccs_rtl.dut_inst.gb_inst.gbmodule_inst.gbcore_inst.GBCore_GBCoreRun_inst.large_mem_banks_load_store_for_16_GBCore_GBCoreRun_mem_array_h_ln127_assert_idx_lt_NumEntriesPerBank_and_localindexoutofbounds: Antecedent of the implication never satisfied.
Simulation complete, time is 386000 ps.
sysc_skeleton.v, 391 : (*vcs_systemc_2,vcs_systemc_skel*) module sc_main;
Turning FSDB off and flushing
*Verdi* : Close all FSDB Files at 386,000 ps.
Completed writing FSDB file ./default.fsdb...
           V C S   S i m u l a t i o n   R e p o r t 
Time: 386000 ps
CPU Time:      1.760 seconds;       Data structure size:  15.4Mb
Sat Mar  7 19:27:40 2026
